{"name": "test_sub[sun-other]", "status": "failed", "statusDetails": {"message": "AssertionError: assert None == 'qq'\n  +None\n  -'qq'", "trace": "self = <test_pytest.homework.test_calc_new.TestCalc object at 0x0000026696022278>\nget_calc = <test_pytest.homework.calculator.Calculator object at 0x00000266960209E8>, get_sub_datas = ['qq', 'qq', 'qq']\n\n    @pytest.mark.run(order=2)\n    def test_sub(self, get_calc, get_sub_datas):\n        result = None\n        try:\n            result = get_calc.sub(get_sub_datas[0], get_sub_datas[1])\n            if isinstance(result, float):\n                result = round(result, 2)\n        except Exception as e:\n            print(e)\n>       assert result == get_sub_datas[2]\nE       AssertionError: assert None == 'qq'\nE         +None\nE         -'qq'\n\ntest_calc_new.py:50: AssertionError"}, "parameters": [{"name": "get_sub_datas", "value": "['qq', 'qq', 'qq']"}], "start": 1610804889468, "stop": 1610804889468, "uuid": "4f5cb9c0-4143-4d3a-a372-9cd2ec458858", "historyId": "e4fbec6ab1445c8dad19682be62a444f", "testCaseId": "f3e6bab1fa4a22d5d6ef954c70ba0ad3", "fullName": "homework.test_calc_new.TestCalc#test_sub", "labels": [{"name": "tag", "value": "run(order=2)"}, {"name": "parentSuite", "value": "homework"}, {"name": "suite", "value": "test_calc_new"}, {"name": "subSuite", "value": "TestCalc"}, {"name": "host", "value": "DESKTOP-B1515VS"}, {"name": "thread", "value": "4300-MainThread"}, {"name": "framework", "value": "pytest"}, {"name": "language", "value": "cpython3"}, {"name": "package", "value": "homework.test_calc_new"}]}